<?xml version="1.0" encoding="UTF-8"?>
<testng-results skipped="0" failed="0" ignored="0" total="2" passed="2">
  <reporter-output>
    <line>
      <![CDATA[test 1 runnimg]]>
    </line>
  </reporter-output>
  <suite name="Default suite" duration-ms="27069" started-at="2019-11-25T13:58:51Z" finished-at="2019-11-25T13:59:18Z">
    <groups>
    </groups>
    <test name="Default test" duration-ms="27069" started-at="2019-11-25T13:58:51Z" finished-at="2019-11-25T13:59:18Z">
      <class name="com.banking.testscript.TestClass">
        <test-method status="PASS" signature="beforeClass()[pri:0, instance:com.banking.testscript.TestClass@14acaea5]" name="beforeClass" is-config="true" duration-ms="18631" started-at="2019-11-25T13:58:51Z" finished-at="2019-11-25T13:59:10Z">
          <reporter-output>
          </reporter-output>
        </test-method> <!-- beforeClass -->
        <test-method status="PASS" signature="beforeMethode()[pri:0, instance:com.banking.testscript.TestClass@14acaea5]" name="beforeMethode" is-config="true" duration-ms="1239" started-at="2019-11-25T13:59:10Z" finished-at="2019-11-25T13:59:11Z">
          <reporter-output>
          </reporter-output>
        </test-method> <!-- beforeMethode -->
        <test-method status="PASS" signature="toVerifyActiTimeLogin()[pri:0, instance:com.banking.testscript.TestClass@14acaea5]" name="toVerifyActiTimeLogin" duration-ms="4380" started-at="2019-11-25T13:59:11Z" finished-at="2019-11-25T13:59:16Z">
          <reporter-output>
            <line>
              <![CDATA[test 1 runnimg]]>
            </line>
          </reporter-output>
        </test-method> <!-- toVerifyActiTimeLogin -->
        <test-method status="PASS" signature="afterMethode()[pri:0, instance:com.banking.testscript.TestClass@14acaea5]" name="afterMethode" is-config="true" duration-ms="676" started-at="2019-11-25T13:59:16Z" finished-at="2019-11-25T13:59:16Z">
          <reporter-output>
          </reporter-output>
        </test-method> <!-- afterMethode -->
        <test-method status="PASS" signature="beforeMethode()[pri:0, instance:com.banking.testscript.TestClass@14acaea5]" name="beforeMethode" is-config="true" duration-ms="647" started-at="2019-11-25T13:59:16Z" finished-at="2019-11-25T13:59:17Z">
          <reporter-output>
          </reporter-output>
        </test-method> <!-- beforeMethode -->
        <test-method status="PASS" signature="toVerifyTasksButton()[pri:0, instance:com.banking.testscript.TestClass@14acaea5]" name="toVerifyTasksButton" duration-ms="1028" started-at="2019-11-25T13:59:17Z" finished-at="2019-11-25T13:59:18Z">
          <reporter-output>
          </reporter-output>
        </test-method> <!-- toVerifyTasksButton -->
        <test-method status="PASS" signature="afterMethode()[pri:0, instance:com.banking.testscript.TestClass@14acaea5]" name="afterMethode" is-config="true" duration-ms="229" started-at="2019-11-25T13:59:18Z" finished-at="2019-11-25T13:59:18Z">
          <reporter-output>
          </reporter-output>
        </test-method> <!-- afterMethode -->
        <test-method status="PASS" signature="afterClas()[pri:0, instance:com.banking.testscript.TestClass@14acaea5]" name="afterClas" is-config="true" duration-ms="151" started-at="2019-11-25T13:59:18Z" finished-at="2019-11-25T13:59:18Z">
          <reporter-output>
          </reporter-output>
        </test-method> <!-- afterClas -->
      </class> <!-- com.banking.testscript.TestClass -->
    </test> <!-- Default test -->
  </suite> <!-- Default suite -->
</testng-results>
